(WARNING) GCOV produced the following errors processing /usr/src/UnMUD/SimpleMUD/stringtest.gcda:
	Cannot open source file ../Tests/stringtest.cpp

	Cannot open source file ../Tests/stringtest.cpp

	(gcovr could not infer a working directory that resolved it.)
------------------------------------------------------------------------------
                           GCC Code Coverage Report
Directory: .
------------------------------------------------------------------------------
File                                       Lines    Exec  Cover   Missing
------------------------------------------------------------------------------
SimpleMUD.cpp                                 21       0     0%   29,33,35,37-38,40,42-43,46,48-51,56,58,61,63,66,68,71,73
SimpleMUD/Attributes.h                        35       0     0%   30,32,34,36-37,40,49,51,99,101,108,110,112,116,118,130,132,134-135,138,141,143,145,147,150,182,184,222,224,226,228,258,260,287,289
SimpleMUD/DatabasePointer.cpp                  5       0     0%   46-50
SimpleMUD/DatabasePointer.h                    5       0     0%   69-73
SimpleMUD/Enemy.cpp                           59       0     0%   18,20-28,35,37,39-48,50-51,55-56,59,63,65-68,71,73-74,78-87,94,96-100,102,109,111,113-116,118
SimpleMUD/Enemy.h                              3       0     0%   60-62
SimpleMUD/EnemyDatabase.cpp                   40       0     0%   24,26-27,30,32,34,36,39,42-43,45-47,51,53-54,58,60-61,63-65,67,71,73-74,78,80,82,84-85,87-90,96,98,100-102
SimpleMUD/EnemyDatabase.h                      2       0     0%   32,51
SimpleMUD/Entity.h                            32       0     0%   36,38-39,45,52,54,61,63,72,75-76,79-80,83,89,93-94,97,101,107,120-121,123,125,128,130,140-141,143,145,148,150
SimpleMUD/EntityDatabase.h                    46       0     0%   43,49,51,58,60,68,70,77,79,85,87,93,95,101,103,105,111,113-115,117,121,123,126,128,136,139,141-142,144-145,147-149,151,153-154,156-157,160,178-179,185,187-189
SimpleMUD/Game.cpp                           629       0     0%   34,36,39,41,46,50,56,58-60,63,65-66,69,71-72,75,77-78,81,83-85,88,90-91,94,96-97,100,102-104,106-107,110,112-113,116,119-120,122-123,126,128-129,133,135-136,139,141-142,144,146-147,149,151-152,154,156-157,160,162-163,166,168-169,173,175,177-178,181,183,187,190,193,195,197-198,201-202,205,207,209-210,213-214,217,219,221-222,225-226,229,231,233-234,237-238,242,244-245,251,255,257,259-260,263,265-266,269-271,273,280,282-283,286,288,290,292,294,296,299,301-305,309,311,313,315-316,318,320-321,323,325,329-332,334-335,338,340-341,343,345-346,348,350-351,355,357,360,362-364,371,378,380-381,384,386-389,391,393-394,396,399,401-403,407-408,411,413,421,423-425,428-429,436,438-440,443-444,450,452-453,455,461,463-464,466,472,474,480,482-483,489,492,495,497,501-502,504-505,516,518-519,522-525,527,529-530,532-534,537,539,546,550-551,553,555-556,558-562,566-570,573,577,579,585,587-607,609,612,614,616-619,621,623-624,627-633,640,643,645-660,666,669,671-676,682,685,688,690,692,694,696,701-702,705-707,709,711-713,715,718,721,723,729,731,733,735,737-738,741,744,746-750,752-756,758-763,765,767,773,775,777,779,781-784,787,789-792,795-796,800,802-803,806-807,809,811-812,814,820-822,824-825,828-829,831-833,836,839,841,847-850,852-854,857,859-860,866-869,871-873,876,878-879,883,886,888-890,895,897-899,901,903-906,909,911-912,914-915,917,919-920,922,927,929,931,934-935,938,940,944-947,949,952,954,956-957,960,962-963,966-968,972,974,976,979-980,983,985,989-992,994,997,999,1001-1002,1005-1008,1012,1014-1017,1021,1023,1025-1030,1032-1034,1037-1038,1040,1043,1045-1046,1048-1049,1051-1052,1055,1057-1058,1061,1063-1064,1067-1069,1075,1077-1078,1080-1081,1083-1084,1087-1088,1090-1091,1094-1097,1102,1104-1105,1107,1109,1111,1113,1116,1118-1119,1123-1124,1127,1129-1131,1134-1135,1137-1138,1140,1142-1143,1146-1147,1150,1152,1154,1157-1158,1160-1163,1167,1169,1172-1175,1177-1178,1182-1183,1186-1188,1191-1195,1200,1202-1203,1205,1207-1208,1212,1214,1216-1217,1220,1223,1225-1226,1230-1231,1234,1236-1238,1241-1242,1244-1245,1247,1249-1250,1253-1254,1258,1260,1262,1266-1267,1269-1271,1274-1275,1277-1279,1284-1286,1290
SimpleMUD/Game.h                               4       0     0%   42-43,82-83
SimpleMUD/GameLoop.cpp                        69       0     0%   26,28-29,31,33,35-36,38-41,45-49,52,56,58,61-65,68,70,72-73,76,78-79,82,84-85,88,90-91,96,98-105,109,111-114,118,120,122-125,129,131-133,135-137,143,145-146,148-149
SimpleMUD/GameLoop.h                           2       0     0%   29-30
SimpleMUD/Item.h                              22       0     0%   32,34-37,40,42,44,47-50,77,79,81-87,89
SimpleMUD/ItemDatabase.cpp                    12       0     0%   19,21-22,25,27,29,31,33-36,38
SimpleMUD/ItemDatabase.h                       1       0     0%   38
SimpleMUD/Logon.cpp                           98       0     0%   22,25,27-28,30-31,35,37,39-41,45-46,49-53,59-61,63-65,70,73,76,78-82,86,88-92,96-99,104,107,109,111-114,116,119-120,123-125,128,130-131,135,139,142,144,147,149,151-152,156,160-163,167,175,177-178,181-183,189,191,194,196-198,201,204,207,213,215,218-219,222-223,226-227,229-230,232
SimpleMUD/Logon.h                             17       0     0%   47-48,50-51,60-61,63-64,66,68,70-71,73,84,86,89,91
SimpleMUD/Player.cpp                         180       0     0%   22,24-25,27-30,32-35,37,39-41,43-45,47,49-50,54,57,61,63,65-69,73,78,80-81,83-84,86-89,92-93,95-98,101,103-104,106,108-109,113,115-116,120,122-123,126,128,131,133,135-138,142,144,147-149,152-153,155,157,161,163,166-169,171-172,174,176,179,181-182,184-187,192,194-195,199,201-202,206,208-210,214,216-218,226,228-231,233-235,242,246,248-250,254,256,258,265,272-273,275,277,281-284,286,288-289,291,299,301-312,314-315,317,319,322-323,325,332,334-347,349-351,353-355,358-359,361,363
SimpleMUD/Player.h                            43       0     0%   47,56,63-66,68,73-75,94-99,162,165,169,172,174,177-178,181,192,194-195,197,201,203-204,206,218,220,234,236,254-255,257,259,262,264-265
SimpleMUD/PlayerDatabase.cpp                  51       0     0%   23,25-26,29,32-38,41,43-45,47-48,50-51,55,57-58,60,62-63,65,69,71,73-75,78,82,84-87,90,93-94,97,99,103,105,107-109,111-113,116
SimpleMUD/PlayerDatabase.h                    11       0     0%   44,48,51,54-55,58,61-62,68,74,76
SimpleMUD/Room.cpp                            61       0     0%   24,26-27,29,31-32,34-36,39,41,44,46,48,52,58-59,61-62,64,67,70-71,74,77,79,81,85,91-92,94-95,97,101,103,106,108,110,114,116,118-121,123-124,126-127,130,132-133,136,138-139,142,145,147,149-150,153,155
SimpleMUD/Room.h                              10       0     0%   38-41,43-44,46-47,49-50
SimpleMUD/RoomDatabase.cpp                    26       0     0%   24,26-27,30,32,34,36,39,42-43,45-47,51,53,55,58,61,64-65,69,71,73-76
SimpleMUD/RoomDatabase.h                       1       0     0%   40
SimpleMUD/Store.h                             18       0     0%   38,41-42,44-46,49-50,53,55,68,70,73,76,80,82-83,85
SimpleMUD/StoreDatabase.cpp                   12       0     0%   19,21-22,26,28,30,32,34-37,39
SimpleMUD/StoreDatabase.h                      1       0     0%   37
SimpleMUD/Train.cpp                           36       0     0%   21,25,27,29,32,35-36,39-40,42,44-45,49,57,59,61,63,65-67,69,72,80,84,86,88,92-101
SimpleMUD/Train.h                              6       0     0%   37-38,40,49-51
------------------------------------------------------------------------------
TOTAL                                       1558       0     0%
------------------------------------------------------------------------------
